<?xml version="1.0" encoding="UTF-8"?>
<!-- Generated by org.testng.reporters.JUnitXMLReporter -->
<testsuite hostname="Acer5750-PC" name="Default test" tests="4" failures="0" timestamp="24 Dec 2012 01:06:16 GMT" time="0.104" errors="0">
  <testcase name="testEnglish" time="0.083" classname="de.hackerspacebremen.transformer.SpeakingDateTransformerTest"/>
  <testcase name="testGerman" time="0.0020" classname="de.hackerspacebremen.transformer.SpeakingDateTransformerTest"/>
  <testcase name="testWithoutFormat" time="0.0010" classname="de.hackerspacebremen.transformer.SpeakingDateTransformerTest"/>
  <testcase name="wrongUsageTest" time="0.0020" classname="de.hackerspacebremen.transformer.SpeakingDateTransformerTest"/>
</testsuite> <!-- Default test -->
